<?xml version="1.0" encoding="UTF-8" ?>
<testsuite errors="0" failures="0" hostname="AMENTRAR84A27L" name="games.strategy.triplea.delegate.WW2V3_41_Test" tests="53" time="4.687" timestamp="2013-10-30T04:26:49">
  <properties>
[...]
</properties>
  <testcase classname="games.strategy.triplea.delegate.WW2V3_41_Test" name="testAACasualtiesLowLuckMixedRadar" time="1.002" />
  <testcase classname="games.strategy.triplea.delegate.WW2V3_41_Test" name="testAACasualtiesLowLuckMixedWithRollingRadar" time="0.317" />
  <testcase classname="games.strategy.triplea.delegate.WW2V3_41_Test" name="testAACasualtiesLowLuckMixedWithRollingMissRadar" time="0.194" />
  <testcase classname="games.strategy.triplea.delegate.WW2V3_41_Test" name="testDefendingTrasnportsAutoKilled" time="0.318" />
  <testcase classname="games.strategy.triplea.delegate.WW2V3_41_Test" name="testUnplacedDie" time="0.115" />
  <testcase classname="games.strategy.triplea.delegate.WW2V3_41_Test" name="testPlaceEmpty" time="0.112" />
  <testcase classname="games.strategy.triplea.delegate.WW2V3_41_Test" name="testTechTokens" time="0.071" />
  <testcase classname="games.strategy.triplea.delegate.WW2V3_41_Test" name="testInfantryLoadOnlyTransports" time="0.159" />
  <testcase classname="games.strategy.triplea.delegate.WW2V3_41_Test" name="testLoadedTransportAttackKillsLoadedUnits" time="0.217" />
  <testcase classname="games.strategy.triplea.delegate.WW2V3_41_Test" name="testCanRetreatIntoEmptyEnemyTerritory" time="0.053" />
  <testcase classname="games.strategy.triplea.delegate.WW2V3_41_Test" name="testCanRetreatIntoBlitzedTerritory" time="0.075" />
  <testcase classname="games.strategy.triplea.delegate.WW2V3_41_Test" name="testCantBlitzFactoryOrAA" time="0.039" />
  <testcase classname="games.strategy.triplea.delegate.WW2V3_41_Test" name="testMultipleAAInTerritory" time="0.059" />
  <testcase classname="games.strategy.triplea.delegate.WW2V3_41_Test" name="testMechanizedInfantry" time="0.037" />
  <testcase classname="games.strategy.triplea.delegate.WW2V3_41_Test" name="testJetPower" time="0.043" />
  <testcase classname="games.strategy.triplea.delegate.WW2V3_41_Test" name="testBidPlace" time="0.048" />
  <testcase classname="games.strategy.triplea.delegate.WW2V3_41_Test" name="testFactoryPlace" time="0.041" />
  <testcase classname="games.strategy.triplea.delegate.WW2V3_41_Test" name="testChinesePlacement" time="0.035" />
  <testcase classname="games.strategy.triplea.delegate.WW2V3_41_Test" name="testPlaceInOccupiedSZ" time="0.043" />
  <testcase classname="games.strategy.triplea.delegate.WW2V3_41_Test" name="testMoveUnitsThroughSubs" time="0.032" />
  <testcase classname="games.strategy.triplea.delegate.WW2V3_41_Test" name="testMoveUnitsThroughTransports" time="0.038" />
  <testcase classname="games.strategy.triplea.delegate.WW2V3_41_Test" name="testLoadThroughSubs" time="0.043" />
  <testcase classname="games.strategy.triplea.delegate.WW2V3_41_Test" name="testAttackUndoAndAttackAgain" time="0.043" />
  <testcase classname="games.strategy.triplea.delegate.WW2V3_41_Test" name="testAttackSubsOnSubs" time="0.079" />
  <testcase classname="games.strategy.triplea.delegate.WW2V3_41_Test" name="testAttackSubsOnDestroyer" time="0.041" />
  <testcase classname="games.strategy.triplea.delegate.WW2V3_41_Test" name="testAttackDestroyerAndSubsAgainstSub" time="0.036" />
  <testcase classname="games.strategy.triplea.delegate.WW2V3_41_Test" name="testAttackDestroyerAndSubsAgainstSubAndDestroyer" time="0.049" />
  <testcase classname="games.strategy.triplea.delegate.WW2V3_41_Test" name="testLimitBombardtoNumberOfUnloaded" time="0.062" />
  <testcase classname="games.strategy.triplea.delegate.WW2V3_41_Test" name="testBombardStrengthVariable" time="0.041" />
  <testcase classname="games.strategy.triplea.delegate.WW2V3_41_Test" name="testAmphAttackUndoAndAttackAgainBombard" time="0.052" />
  <testcase classname="games.strategy.triplea.delegate.WW2V3_41_Test" name="testAAFireWithRadar" time="0.07" />
  <testcase classname="games.strategy.triplea.delegate.WW2V3_41_Test" name="testCarrierWithAlliedPlanes" time="0.039" />
  <testcase classname="games.strategy.triplea.delegate.WW2V3_41_Test" name="testAirCanLandWithAlliedFighters" time="0.043" />
  <testcase classname="games.strategy.triplea.delegate.WW2V3_41_Test" name="testMechInfSimple" time="0.033" />
  <testcase classname="games.strategy.triplea.delegate.WW2V3_41_Test" name="testMechInfUnitAlreadyMovedSimple" time="0.035" />
  <testcase classname="games.strategy.triplea.delegate.WW2V3_41_Test" name="testParatroopsWalkOnWater" time="0.031" />
  <testcase classname="games.strategy.triplea.delegate.WW2V3_41_Test" name="testBomberWithTankOverWaterParatroopers" time="0.033" />
  <testcase classname="games.strategy.triplea.delegate.WW2V3_41_Test" name="testBomberTankOverWater" time="0.033" />
  <testcase classname="games.strategy.triplea.delegate.WW2V3_41_Test" name="testMoveParatroopersAsNonPartroops" time="0.029" />
  <testcase classname="games.strategy.triplea.delegate.WW2V3_41_Test" name="testCantMoveParatroopersThatMovedPreviously" time="0.029" />
  <testcase classname="games.strategy.triplea.delegate.WW2V3_41_Test" name="testCantTransportParatroopersWithBombersThatMovedPreviously" time="0.06" />
  <testcase classname="games.strategy.triplea.delegate.WW2V3_41_Test" name="testMoveOneParatrooperPerBomber" time="0.049" />
  <testcase classname="games.strategy.triplea.delegate.WW2V3_41_Test" name="testParatroopersMoveTwice" time="0.032" />
  <testcase classname="games.strategy.triplea.delegate.WW2V3_41_Test" name="testParatroopersFlyOverBlitzedTerritory" time="0.04" />
  <testcase classname="games.strategy.triplea.delegate.WW2V3_41_Test" name="testAmphibAttackWithPlanesOnlyAskRetreatOnce" time="0.063" />
  <testcase classname="games.strategy.triplea.delegate.WW2V3_41_Test" name="testDefencelessTransportsDie" time="0.049" />
  <testcase classname="games.strategy.triplea.delegate.WW2V3_41_Test" name="testFighterLandsWhereCarrierCanBePlaced" time="0.052" />
  <testcase classname="games.strategy.triplea.delegate.WW2V3_41_Test" name="testFighterCantHoverWithNoCarrierToPlace" time="0.083" />
  <testcase classname="games.strategy.triplea.delegate.WW2V3_41_Test" name="testRepair" time="0.047" />
  <testcase classname="games.strategy.triplea.delegate.WW2V3_41_Test" name="testRepairMoreThanDamaged" time="0.026" />
  <testcase classname="games.strategy.triplea.delegate.WW2V3_41_Test" name="testOccupiedTerrOfAttachment" time="0.029" />
  <testcase classname="games.strategy.triplea.delegate.WW2V3_41_Test" name="testOccupiedTerrOfAttachmentWithCapital" time="0.031" />
  <testcase classname="games.strategy.triplea.delegate.WW2V3_41_Test" name="testTwoStepBlitz" time="0.029" />
  <system-out><![CDATA[]]></system-out>
  <system-err><![CDATA[]]></system-err>
</testsuite>
