<?xml version="1.0" encoding="UTF-8" ?>
<testsuite errors="0" failures="0" hostname="AMENTRAR84A27L" name="games.strategy.triplea.delegate.MoveDelegateTest" tests="59" time="4.706" timestamp="2013-10-30T04:26:17">
  <properties>
[...]
</properties>
  <testcase classname="games.strategy.triplea.delegate.MoveDelegateTest" name="testNotUnique" time="0.581" />
  <testcase classname="games.strategy.triplea.delegate.MoveDelegateTest" name="testNotEnoughUnits" time="0.22" />
  <testcase classname="games.strategy.triplea.delegate.MoveDelegateTest" name="testCantMoveEnemy" time="0.128" />
  <testcase classname="games.strategy.triplea.delegate.MoveDelegateTest" name="testSimpleMove" time="0.135" />
  <testcase classname="games.strategy.triplea.delegate.MoveDelegateTest" name="testSimpleMoveLength2" time="0.087" />
  <testcase classname="games.strategy.triplea.delegate.MoveDelegateTest" name="testCanReturnToCarrier" time="0.106" />
  <testcase classname="games.strategy.triplea.delegate.MoveDelegateTest" name="testLandOnCarrier" time="0.127" />
  <testcase classname="games.strategy.triplea.delegate.MoveDelegateTest" name="testCantLandWithNoCarrier" time="0.129" />
  <testcase classname="games.strategy.triplea.delegate.MoveDelegateTest" name="testNotEnoughCarrierCapacity" time="0.128" />
  <testcase classname="games.strategy.triplea.delegate.MoveDelegateTest" name="testLandMoveToWaterWithNoTransports" time="0.145" />
  <testcase classname="games.strategy.triplea.delegate.MoveDelegateTest" name="testSeaMove" time="0.096" />
  <testcase classname="games.strategy.triplea.delegate.MoveDelegateTest" name="testSeaCantMoveToLand" time="0.077" />
  <testcase classname="games.strategy.triplea.delegate.MoveDelegateTest" name="testLandMoveToWaterWithTransportsFull" time="0.066" />
  <testcase classname="games.strategy.triplea.delegate.MoveDelegateTest" name="testAirCanFlyOverWater" time="0.087" />
  <testcase classname="games.strategy.triplea.delegate.MoveDelegateTest" name="testLandMoveToWaterWithTransportsEmpty" time="0.075" />
  <testcase classname="games.strategy.triplea.delegate.MoveDelegateTest" name="testBlitzWithArmour" time="0.095" />
  <testcase classname="games.strategy.triplea.delegate.MoveDelegateTest" name="testCant2StepBlitzWithNonBlitzingUnits" time="0.078" />
  <testcase classname="games.strategy.triplea.delegate.MoveDelegateTest" name="testCantBlitzNuetral" time="0.079" />
  <testcase classname="games.strategy.triplea.delegate.MoveDelegateTest" name="testOverrunNeutral" time="0.079" />
  <testcase classname="games.strategy.triplea.delegate.MoveDelegateTest" name="testAirCanOverFlyEnemy" time="0.086" />
  <testcase classname="games.strategy.triplea.delegate.MoveDelegateTest" name="testOverrunNeutralMustStop" time="0.073" />
  <testcase classname="games.strategy.triplea.delegate.MoveDelegateTest" name="testmultipleMovesExceedingMovementLimit" time="0.053" />
  <testcase classname="games.strategy.triplea.delegate.MoveDelegateTest" name="testMovingUnitsWithMostMovement" time="0.051" />
  <testcase classname="games.strategy.triplea.delegate.MoveDelegateTest" name="testTransportsMustStayWithUnits" time="0.054" />
  <testcase classname="games.strategy.triplea.delegate.MoveDelegateTest" name="testUnitsStayWithTransports" time="0.144" />
  <testcase classname="games.strategy.triplea.delegate.MoveDelegateTest" name="testUnload" time="0.049" />
  <testcase classname="games.strategy.triplea.delegate.MoveDelegateTest" name="testTransportCantLoadUnloadAfterBattle" time="0.062" />
  <testcase classname="games.strategy.triplea.delegate.MoveDelegateTest" name="testLoadUnloadLoadMoveTransports" time="0.089" />
  <testcase classname="games.strategy.triplea.delegate.MoveDelegateTest" name="testUnloadedCantMove" time="0.053" />
  <testcase classname="games.strategy.triplea.delegate.MoveDelegateTest" name="testUnloadingTransportsCantMove" time="0.055" />
  <testcase classname="games.strategy.triplea.delegate.MoveDelegateTest" name="testTransportsCanSplit" time="0.047" />
  <testcase classname="games.strategy.triplea.delegate.MoveDelegateTest" name="testUseTransportsWithLowestMovement" time="0.047" />
  <testcase classname="games.strategy.triplea.delegate.MoveDelegateTest" name="testCanOverrunNeutralWithoutFunds" time="0.046" />
  <testcase classname="games.strategy.triplea.delegate.MoveDelegateTest" name="testAirViolateNeutrality" time="0.047" />
  <testcase classname="games.strategy.triplea.delegate.MoveDelegateTest" name="testNeutralConquered" time="0.046" />
  <testcase classname="games.strategy.triplea.delegate.MoveDelegateTest" name="testMoveTransportsTwice" time="0.046" />
  <testcase classname="games.strategy.triplea.delegate.MoveDelegateTest" name="testCantMoveThroughConqueredNeutral" time="0.05" />
  <testcase classname="games.strategy.triplea.delegate.MoveDelegateTest" name="testCanBlitzThroughConqueredEnemy" time="0.042" />
  <testcase classname="games.strategy.triplea.delegate.MoveDelegateTest" name="testAirCantLandInConquered" time="0.045" />
  <testcase classname="games.strategy.triplea.delegate.MoveDelegateTest" name="testMoveAndTransportUnload" time="0.042" />
  <testcase classname="games.strategy.triplea.delegate.MoveDelegateTest" name="testTakeOverAfterOverFlight" time="0.037" />
  <testcase classname="games.strategy.triplea.delegate.MoveDelegateTest" name="testBattleAdded" time="0.038" />
  <testcase classname="games.strategy.triplea.delegate.MoveDelegateTest" name="testLargeMove" time="0.047" />
  <testcase classname="games.strategy.triplea.delegate.MoveDelegateTest" name="testAmphibiousAssaultAfterNavalBattle" time="0.041" />
  <testcase classname="games.strategy.triplea.delegate.MoveDelegateTest" name="testReloadTransportAfterRetreatAmphibious" time="0.044" />
  <testcase classname="games.strategy.triplea.delegate.MoveDelegateTest" name="testReloadTransportAfterDyingAmphibious" time="0.039" />
  <testcase classname="games.strategy.triplea.delegate.MoveDelegateTest" name="testReloadTransportAfterRetreatAllied" time="0.045" />
  <testcase classname="games.strategy.triplea.delegate.MoveDelegateTest" name="testReloadTransportAfterDyingAllied" time="0.039" />
  <testcase classname="games.strategy.triplea.delegate.MoveDelegateTest" name="testAirToWater" time="0.037" />
  <testcase classname="games.strategy.triplea.delegate.MoveDelegateTest" name="testNonCombatAttack" time="0.032" />
  <testcase classname="games.strategy.triplea.delegate.MoveDelegateTest" name="testNonCombatAttackNeutral" time="0.032" />
  <testcase classname="games.strategy.triplea.delegate.MoveDelegateTest" name="testNonCombatMoveToConquered" time="0.031" />
  <testcase classname="games.strategy.triplea.delegate.MoveDelegateTest" name="testAACantMoveToConquered" time="0.031" />
  <testcase classname="games.strategy.triplea.delegate.MoveDelegateTest" name="testBlitzConqueredNeutralInTwoSteps" time="0.027" />
  <testcase classname="games.strategy.triplea.delegate.MoveDelegateTest" name="testBlitzFactory" time="0.073" />
  <testcase classname="games.strategy.triplea.delegate.MoveDelegateTest" name="testAirCanLandOnLand" time="0.029" />
  <testcase classname="games.strategy.triplea.delegate.MoveDelegateTest" name="testAirDifferingRouts" time="0.034" />
  <testcase classname="games.strategy.triplea.delegate.MoveDelegateTest" name="testRoute" time="0.028" />
  <testcase classname="games.strategy.triplea.delegate.MoveDelegateTest" name="testTest" time="0.027" />
  <system-out><![CDATA[]]></system-out>
  <system-err><![CDATA[]]></system-err>
</testsuite>
